[debug] [2022-01-26T20:11:16.866Z] ----------------------------------------------------------------------
[debug] [2022-01-26T20:11:16.868Z] Command:       /Users/angelaldrete/.nvm/versions/node/v12.18.3/bin/node /Users/angelaldrete/.nvm/versions/node/v12.18.3/bin/firebase init hosting
[debug] [2022-01-26T20:11:16.868Z] CLI Version:   10.1.2
[debug] [2022-01-26T20:11:16.868Z] Platform:      darwin
[debug] [2022-01-26T20:11:16.868Z] Node Version:  v12.18.3
[debug] [2022-01-26T20:11:16.869Z] Time:          Wed Jan 26 2022 12:11:16 GMT-0800 (Pacific Standard Time)
[debug] [2022-01-26T20:11:16.869Z] ----------------------------------------------------------------------
[debug] 
[debug] [2022-01-26T20:11:16.874Z] > command requires scopes: ["email","openid","https://www.googleapis.com/auth/cloudplatformprojects.readonly","https://www.googleapis.com/auth/firebase","https://www.googleapis.com/auth/cloud-platform"]
[debug] [2022-01-26T20:11:16.874Z] > authorizing via signed-in user (angel.aldrete96@gmail.com)
[info] 
     ######## #### ########  ######## ########     ###     ######  ########
     ##        ##  ##     ## ##       ##     ##  ##   ##  ##       ##
     ######    ##  ########  ######   ########  #########  ######  ######
     ##        ##  ##    ##  ##       ##     ## ##     ##       ## ##
     ##       #### ##     ## ######## ########  ##     ##  ######  ########

You're about to initialize a Firebase project in this directory:

  /Users/angelaldrete/Documents/otros/hotel-marea-baja-api

[info] 
=== Project Setup
[info] 
[info] First, let's associate this project directory with a Firebase project.
[info] You can create multiple project aliases by running firebase use --add, 
[info] but for now we'll just set up a default project.
[info] 
[debug] [2022-01-26T20:11:19.066Z] >>> [apiv2][query] GET https://firebase.googleapis.com/v1beta1/projects pageSize=100
[debug] [2022-01-26T20:11:19.721Z] <<< [apiv2][status] GET https://firebase.googleapis.com/v1beta1/projects 200
[debug] [2022-01-26T20:11:19.721Z] <<< [apiv2][body] GET https://firebase.googleapis.com/v1beta1/projects [omitted]
[info] i  Using project hotelmb-c69e7 (HotelMB) 
[info] 
=== Hosting Setup
[info] 
[info] Your public directory is the folder (relative to your project directory) that
[info] will contain Hosting assets to be uploaded with firebase deploy. If you
[info] have a build process for your assets, use your build's output directory.
[info] 
